mode: set
C:\xue.zeng\GitHub\cumulative\demo\Go\training\container\nonrepeatingsubstr\nonrepeating.go:5.47,10.31 4 1
C:\xue.zeng\GitHub\cumulative\demo\Go\training\container\nonrepeatingsubstr\nonrepeating.go:20.2,20.18 1 1
C:\xue.zeng\GitHub\cumulative\demo\Go\training\container\nonrepeatingsubstr\nonrepeating.go:10.31,11.58 1 1
C:\xue.zeng\GitHub\cumulative\demo\Go\training\container\nonrepeatingsubstr\nonrepeating.go:14.3,14.28 1 1
C:\xue.zeng\GitHub\cumulative\demo\Go\training\container\nonrepeatingsubstr\nonrepeating.go:17.3,17.23 1 1
C:\xue.zeng\GitHub\cumulative\demo\Go\training\container\nonrepeatingsubstr\nonrepeating.go:11.58,13.4 1 1
C:\xue.zeng\GitHub\cumulative\demo\Go\training\container\nonrepeatingsubstr\nonrepeating.go:14.28,16.4 1 1
C:\xue.zeng\GitHub\cumulative\demo\Go\training\container\nonrepeatingsubstr\nonrepeating.go:23.13,30.2 6 0
